<?xml version="1.0" encoding="UTF-8"?>
<!-- Generated by org.testng.reporters.JUnitXMLReporter -->
<testsuite ignored="0" hostname="DESKTOP-3KFQQCP" failures="0" tests="5" name="Test" time="56.253" errors="0" timestamp="2020-05-10T17:40:44 IST">
  <testcase classname="Academy.validateNavBarTest" name="validateNavBar" time="8.187"/>
  <testcase classname="Academy.HomePageTest" name="validateloginpage" time="9.495"/>
  <testcase classname="Academy.HomePageTest" name="validateloginpage" time="9.244"/>
  <testcase classname="Academy.HomePageTest" name="validateloginpage" time="9.144"/>
  <testcase classname="Academy.validateTitleTest" name="validateTitle" time="7.393"/>
</testsuite> <!-- Test -->
