<?xml version="1.0" encoding="UTF-8"?>
<!-- Generated by org.testng.reporters.JUnitXMLReporter -->
<testsuite ignored="0" hostname="DESKTOP-3KFQQCP" failures="0" tests="5" name="Test" time="44.148" errors="0" timestamp="2020-05-10T18:29:24 IST">
  <testcase classname="Academy.validateNavBarTest" name="validateNavBar" time="0.096"/>
  <testcase classname="Academy.HomePageTest" name="validateloginpage" time="7.617"/>
  <testcase classname="Academy.HomePageTest" name="validateloginpage" time="7.424"/>
  <testcase classname="Academy.HomePageTest" name="validateloginpage" time="7.241"/>
  <testcase classname="Academy.validateTitleTest" name="validateTitle" time="0.037"/>
</testsuite> <!-- Test -->
