<?xml version="1.0" encoding="UTF-8"?>
<testng-results ignored="0" total="5" passed="5" failed="0" skipped="0">
  <reporter-output>
  </reporter-output>
  <suite started-at="2020-05-10T18:28:40 IST" name="Suite" finished-at="2020-05-10T18:29:24 IST" duration-ms="44148">
    <groups>
    </groups>
    <test started-at="2020-05-10T18:28:40 IST" name="Test" finished-at="2020-05-10T18:29:24 IST" duration-ms="44148">
      <class name="Academy.validateNavBarTest">
        <test-method is-config="true" signature="initialize()[pri:0, instance:Academy.validateNavBarTest@906d29b]" started-at="2020-05-10T18:28:51 IST" name="initialize" finished-at="2020-05-10T18:28:57 IST" duration-ms="5505" status="PASS">
          <reporter-output>
          </reporter-output>
        </test-method> <!-- initialize -->
        <test-method signature="validateNavBar()[pri:0, instance:Academy.validateNavBarTest@906d29b]" started-at="2020-05-10T18:29:02 IST" name="validateNavBar" finished-at="2020-05-10T18:29:02 IST" duration-ms="96" status="PASS">
          <reporter-output>
          </reporter-output>
        </test-method> <!-- validateNavBar -->
        <test-method is-config="true" signature="teardown()[pri:0, instance:Academy.validateNavBarTest@906d29b]" started-at="2020-05-10T18:29:24 IST" name="teardown" finished-at="2020-05-10T18:29:24 IST" duration-ms="94" status="PASS">
          <reporter-output>
          </reporter-output>
        </test-method> <!-- teardown -->
      </class> <!-- Academy.validateNavBarTest -->
      <class name="Academy.HomePageTest">
        <test-method is-config="true" signature="basePageNavigation()[pri:0, instance:Academy.HomePageTest@49d3c823]" started-at="2020-05-10T18:28:40 IST" name="basePageNavigation" finished-at="2020-05-10T18:28:51 IST" duration-ms="10911" status="PASS">
          <reporter-output>
          </reporter-output>
        </test-method> <!-- basePageNavigation -->
        <test-method signature="validateloginpage(java.lang.String, java.lang.String)[pri:0, instance:Academy.HomePageTest@49d3c823]" started-at="2020-05-10T18:29:02 IST" name="validateloginpage" data-provider="getdata" finished-at="2020-05-10T18:29:09 IST" duration-ms="7617" status="PASS">
          <params>
            <param index="0">
              <value>
                <![CDATA[zxcv@asdeffwf.com]]>
              </value>
            </param>
            <param index="1">
              <value>
                <![CDATA[mnbvc]]>
              </value>
            </param>
          </params>
          <reporter-output>
          </reporter-output>
        </test-method> <!-- validateloginpage -->
        <test-method signature="validateloginpage(java.lang.String, java.lang.String)[pri:0, instance:Academy.HomePageTest@49d3c823]" started-at="2020-05-10T18:29:09 IST" name="validateloginpage" data-provider="getdata" finished-at="2020-05-10T18:29:17 IST" duration-ms="7424" status="PASS">
          <params>
            <param index="0">
              <value>
                <![CDATA[asdf@lkjh.com]]>
              </value>
            </param>
            <param index="1">
              <value>
                <![CDATA[lkjhg]]>
              </value>
            </param>
          </params>
          <reporter-output>
          </reporter-output>
        </test-method> <!-- validateloginpage -->
        <test-method signature="validateloginpage(java.lang.String, java.lang.String)[pri:0, instance:Academy.HomePageTest@49d3c823]" started-at="2020-05-10T18:29:17 IST" name="validateloginpage" data-provider="getdata" finished-at="2020-05-10T18:29:24 IST" duration-ms="7241" status="PASS">
          <params>
            <param index="0">
              <value>
                <![CDATA[qweqe@pokoiu.com]]>
              </value>
            </param>
            <param index="1">
              <value>
                <![CDATA[ryturytu]]>
              </value>
            </param>
          </params>
          <reporter-output>
          </reporter-output>
        </test-method> <!-- validateloginpage -->
        <test-method is-config="true" signature="teardown()[pri:0, instance:Academy.HomePageTest@49d3c823]" started-at="2020-05-10T18:29:24 IST" name="teardown" finished-at="2020-05-10T18:29:24 IST" duration-ms="99" status="PASS">
          <reporter-output>
          </reporter-output>
        </test-method> <!-- teardown -->
      </class> <!-- Academy.HomePageTest -->
      <class name="Academy.validateTitleTest">
        <test-method is-config="true" signature="initialize()[pri:0, instance:Academy.validateTitleTest@436bc36]" started-at="2020-05-10T18:28:57 IST" name="initialize" finished-at="2020-05-10T18:29:02 IST" duration-ms="4990" status="PASS">
          <reporter-output>
          </reporter-output>
        </test-method> <!-- initialize -->
        <test-method signature="validateTitle()[pri:0, instance:Academy.validateTitleTest@436bc36]" started-at="2020-05-10T18:29:24 IST" name="validateTitle" finished-at="2020-05-10T18:29:24 IST" duration-ms="37" status="PASS">
          <reporter-output>
          </reporter-output>
        </test-method> <!-- validateTitle -->
        <test-method is-config="true" signature="teardown()[pri:0, instance:Academy.validateTitleTest@436bc36]" started-at="2020-05-10T18:29:24 IST" name="teardown" finished-at="2020-05-10T18:29:24 IST" duration-ms="89" status="PASS">
          <reporter-output>
          </reporter-output>
        </test-method> <!-- teardown -->
      </class> <!-- Academy.validateTitleTest -->
    </test> <!-- Test -->
  </suite> <!-- Suite -->
</testng-results>
