<?xml version="1.0" encoding="UTF-8"?>
<testng-results ignored="0" total="5" passed="5" failed="0" skipped="0">
  <reporter-output>
  </reporter-output>
  <suite started-at="2020-05-10T17:39:48 IST" name="Suite" finished-at="2020-05-10T17:40:44 IST" duration-ms="56253">
    <groups>
    </groups>
    <test started-at="2020-05-10T17:39:48 IST" name="Test" finished-at="2020-05-10T17:40:44 IST" duration-ms="56253">
      <class name="Academy.validateNavBarTest">
        <test-method signature="validateNavBar()[pri:0, instance:Academy.validateNavBarTest@43301423]" started-at="2020-05-10T17:40:01 IST" name="validateNavBar" finished-at="2020-05-10T17:40:09 IST" duration-ms="8187" status="PASS">
          <reporter-output>
          </reporter-output>
        </test-method> <!-- validateNavBar -->
      </class> <!-- Academy.validateNavBarTest -->
      <class name="Academy.HomePageTest">
        <test-method is-config="true" signature="basePageNavigation()[pri:0, instance:Academy.HomePageTest@3c9d0b9d]" started-at="2020-05-10T17:39:48 IST" name="basePageNavigation" finished-at="2020-05-10T17:40:01 IST" duration-ms="12670" status="PASS">
          <reporter-output>
          </reporter-output>
        </test-method> <!-- basePageNavigation -->
        <test-method signature="validateloginpage(java.lang.String, java.lang.String)[pri:0, instance:Academy.HomePageTest@3c9d0b9d]" started-at="2020-05-10T17:40:09 IST" name="validateloginpage" data-provider="getdata" finished-at="2020-05-10T17:40:18 IST" duration-ms="9495" status="PASS">
          <params>
            <param index="0">
              <value>
                <![CDATA[zxcv@asdeffwf.com]]>
              </value>
            </param>
            <param index="1">
              <value>
                <![CDATA[mnbvc]]>
              </value>
            </param>
          </params>
          <reporter-output>
          </reporter-output>
        </test-method> <!-- validateloginpage -->
        <test-method signature="validateloginpage(java.lang.String, java.lang.String)[pri:0, instance:Academy.HomePageTest@3c9d0b9d]" started-at="2020-05-10T17:40:18 IST" name="validateloginpage" data-provider="getdata" finished-at="2020-05-10T17:40:28 IST" duration-ms="9244" status="PASS">
          <params>
            <param index="0">
              <value>
                <![CDATA[asdf@lkjh.com]]>
              </value>
            </param>
            <param index="1">
              <value>
                <![CDATA[lkjhg]]>
              </value>
            </param>
          </params>
          <reporter-output>
          </reporter-output>
        </test-method> <!-- validateloginpage -->
        <test-method signature="validateloginpage(java.lang.String, java.lang.String)[pri:0, instance:Academy.HomePageTest@3c9d0b9d]" started-at="2020-05-10T17:40:28 IST" name="validateloginpage" data-provider="getdata" finished-at="2020-05-10T17:40:37 IST" duration-ms="9144" status="PASS">
          <params>
            <param index="0">
              <value>
                <![CDATA[qweqe@pokoiu.com]]>
              </value>
            </param>
            <param index="1">
              <value>
                <![CDATA[ryturytu]]>
              </value>
            </param>
          </params>
          <reporter-output>
          </reporter-output>
        </test-method> <!-- validateloginpage -->
      </class> <!-- Academy.HomePageTest -->
      <class name="Academy.validateTitleTest">
        <test-method signature="validateTitle()[pri:0, instance:Academy.validateTitleTest@2f112965]" started-at="2020-05-10T17:40:37 IST" name="validateTitle" finished-at="2020-05-10T17:40:44 IST" duration-ms="7393" status="PASS">
          <reporter-output>
          </reporter-output>
        </test-method> <!-- validateTitle -->
      </class> <!-- Academy.validateTitleTest -->
    </test> <!-- Test -->
  </suite> <!-- Suite -->
</testng-results>
